Android/gen/build/intermediates/manifest_merge_blame_file/release/manifest-merger-blame-release-report.txt
1<?xml version="1.0" encoding="utf-8"?>
2<manifest xmlns:android="http://schemas.android.com/apk/res/android"
3    package="VYV.leucinose"
4    android:installLocation="auto"
5    android:versionCode="21"
6    android:versionName="0.0.22.0" >
7
8    <uses-sdk
8-->Android\gen\AndroidManifest.xml:2:6338-6406
9        android:minSdkVersion="21"
9-->Android\gen\AndroidManifest.xml:2:6348-6374
10        android:targetSdkVersion="30" />
10-->Android\gen\AndroidManifest.xml:2:6375-6404
11
12    <supports-screens
12-->Android\gen\AndroidManifest.xml:2:6406-6565
13        android:anyDensity="true"
13-->Android\gen\AndroidManifest.xml:2:6538-6563
14        android:largeScreens="true"
14-->Android\gen\AndroidManifest.xml:2:6481-6508
15        android:normalScreens="true"
15-->Android\gen\AndroidManifest.xml:2:6452-6480
16        android:smallScreens="true"
16-->Android\gen\AndroidManifest.xml:2:6424-6451
17        android:xlargeScreens="true" />
17-->Android\gen\AndroidManifest.xml:2:6509-6537
18
19    <uses-permission android:name="android.permission.WRITE_EXTERNAL_STORAGE" />
19-->Android\gen\AndroidManifest.xml:2:6565-6640
19-->Android\gen\AndroidManifest.xml:2:6582-6638
20    <uses-permission android:name="android.permission.CAMERA" />
20-->Android\gen\AndroidManifest.xml:2:6640-6699
20-->Android\gen\AndroidManifest.xml:2:6657-6697
21    <uses-permission android:name="android.permission.READ_EXTERNAL_STORAGE" />
21-->Android\gen\AndroidManifest.xml:2:6699-6773
21-->Android\gen\AndroidManifest.xml:2:6716-6771
22    <uses-permission android:name="android.permission.INTERNET" />
22-->Android\gen\AndroidManifest.xml:2:6773-6834
22-->Android\gen\AndroidManifest.xml:2:6790-6832
23
24    <uses-feature
24-->Android\gen\AndroidManifest.xml:2:6834-6922
25        android:name="android.hardware.camera.autofocus"
25-->Android\gen\AndroidManifest.xml:2:6848-6896
26        android:required="true" />
26-->Android\gen\AndroidManifest.xml:2:6897-6920
27    <uses-feature
27-->Android\gen\AndroidManifest.xml:2:6922-7000
28        android:name="android.hardware.camera"
28-->Android\gen\AndroidManifest.xml:2:6936-6974
29        android:required="true" />
29-->Android\gen\AndroidManifest.xml:2:6975-6998
30
31    <application
31-->Android\gen\AndroidManifest.xml:2:228-6338
32        android:name="fr.pcsoft.wdjava.core.application.WDAndroidApp"
32-->Android\gen\AndroidManifest.xml:2:241-302
33        android:appComponentFactory="androidx.core.app.CoreComponentFactory"
33-->[androidx.core:core:1.1.0] AndroidManifest.xml:24:18-86
34        android:icon="@drawable/app_car_2"
34-->Android\gen\AndroidManifest.xml:2:336-370
35        android:label="@string/app_name"
35-->Android\gen\AndroidManifest.xml:2:303-335
36        android:largeHeap="true"
36-->Android\gen\AndroidManifest.xml:2:371-395
37        android:requestLegacyExternalStorage="true"
37-->Android\gen\AndroidManifest.xml:2:467-510
38        android:resizeableActivity="true"
38-->Android\gen\AndroidManifest.xml:2:397-430
39        android:usesCleartextTraffic="true" >
39-->Android\gen\AndroidManifest.xml:2:431-466
40        <activity
40-->Android\gen\AndroidManifest.xml:2:511-924
41            android:name="VYV.leucinose.wdgen.GWDPleucinose$WDLanceur"
41-->Android\gen\AndroidManifest.xml:2:521-566
42            android:configChanges="keyboardHidden|orientation|screenSize|keyboard|smallestScreenSize|screenLayout"
42-->Android\gen\AndroidManifest.xml:2:669-771
43            android:label="@string/app_name"
43-->Android\gen\AndroidManifest.xml:2:567-599
44            android:theme="@style/Theme.AppCompat.Light.NoActionBar.Translucent" >
44-->Android\gen\AndroidManifest.xml:2:600-668
45            <intent-filter>
45-->Android\gen\AndroidManifest.xml:2:772-913
46                <action android:name="android.intent.action.MAIN" />
46-->Android\gen\AndroidManifest.xml:2:787-838
46-->Android\gen\AndroidManifest.xml:2:795-836
47
48                <category android:name="android.intent.category.LAUNCHER" />
48-->Android\gen\AndroidManifest.xml:2:838-897
48-->Android\gen\AndroidManifest.xml:2:848-895
49            </intent-filter>
50        </activity>
51        <activity
51-->Android\gen\AndroidManifest.xml:2:924-1172
52            android:name="VYV.leucinose.wdgen.GWDFFEN_Repas$WDActiviteFenetre"
52-->Android\gen\AndroidManifest.xml:2:934-987
53            android:configChanges="keyboardHidden|orientation|screenSize|keyboard|smallestScreenSize|screenLayout|uiMode"
53-->Android\gen\AndroidManifest.xml:2:988-1097
54            android:hardwareAccelerated="false"
54-->Android\gen\AndroidManifest.xml:2:1135-1170
55            android:theme="@android:style/Theme" />
55-->Android\gen\AndroidManifest.xml:2:1098-1134
56        <activity
56-->Android\gen\AndroidManifest.xml:2:1172-1430
57            android:name="VYV.leucinose.wdgen.GWDFFEN_ajouteRepasHypo$WDActiviteFenetre"
57-->Android\gen\AndroidManifest.xml:2:1182-1245
58            android:configChanges="keyboardHidden|orientation|screenSize|keyboard|smallestScreenSize|screenLayout|uiMode"
58-->Android\gen\AndroidManifest.xml:2:1246-1355
59            android:hardwareAccelerated="false"
59-->Android\gen\AndroidManifest.xml:2:1393-1428
60            android:theme="@android:style/Theme" />
60-->Android\gen\AndroidManifest.xml:2:1356-1392
61        <activity
61-->Android\gen\AndroidManifest.xml:2:1430-1678
62            android:name="VYV.leucinose.wdgen.GWDFFEN_infos$WDActiviteFenetre"
62-->Android\gen\AndroidManifest.xml:2:1440-1493
63            android:configChanges="keyboardHidden|orientation|screenSize|keyboard|smallestScreenSize|screenLayout|uiMode"
63-->Android\gen\AndroidManifest.xml:2:1494-1603
64            android:hardwareAccelerated="false"
64-->Android\gen\AndroidManifest.xml:2:1641-1676
65            android:theme="@android:style/Theme" />
65-->Android\gen\AndroidManifest.xml:2:1604-1640
66        <activity
66-->Android\gen\AndroidManifest.xml:2:1678-1925
67            android:name="VYV.leucinose.wdgen.GWDFFEN_docs$WDActiviteFenetre"
67-->Android\gen\AndroidManifest.xml:2:1688-1740
68            android:configChanges="keyboardHidden|orientation|screenSize|keyboard|smallestScreenSize|screenLayout|uiMode"
68-->Android\gen\AndroidManifest.xml:2:1741-1850
69            android:hardwareAccelerated="false"
69-->Android\gen\AndroidManifest.xml:2:1888-1923
70            android:theme="@android:style/Theme" />
70-->Android\gen\AndroidManifest.xml:2:1851-1887
71        <activity
71-->Android\gen\AndroidManifest.xml:2:1925-2178
72            android:name="VYV.leucinose.wdgen.GWDFFEN_constantes$WDActiviteFenetre"
72-->Android\gen\AndroidManifest.xml:2:1935-1993
73            android:configChanges="keyboardHidden|orientation|screenSize|keyboard|smallestScreenSize|screenLayout|uiMode"
73-->Android\gen\AndroidManifest.xml:2:1994-2103
74            android:hardwareAccelerated="false"
74-->Android\gen\AndroidManifest.xml:2:2141-2176
75            android:theme="@android:style/Theme" />
75-->Android\gen\AndroidManifest.xml:2:2104-2140
76        <activity
76-->Android\gen\AndroidManifest.xml:2:2178-2431
77            android:name="VYV.leucinose.wdgen.GWDFFEN_impression$WDActiviteFenetre"
77-->Android\gen\AndroidManifest.xml:2:2188-2246
78            android:configChanges="keyboardHidden|orientation|screenSize|keyboard|smallestScreenSize|screenLayout|uiMode"
78-->Android\gen\AndroidManifest.xml:2:2247-2356
79            android:hardwareAccelerated="false"
79-->Android\gen\AndroidManifest.xml:2:2394-2429
80            android:theme="@android:style/Theme" />
80-->Android\gen\AndroidManifest.xml:2:2357-2393
81        <activity
81-->Android\gen\AndroidManifest.xml:2:2431-2678
82            android:name="VYV.leucinose.wdgen.GWDFFEN_Menu$WDActiviteFenetre"
82-->Android\gen\AndroidManifest.xml:2:2441-2493
83            android:configChanges="keyboardHidden|orientation|screenSize|keyboard|smallestScreenSize|screenLayout|uiMode"
83-->Android\gen\AndroidManifest.xml:2:2494-2603
84            android:hardwareAccelerated="false"
84-->Android\gen\AndroidManifest.xml:2:2641-2676
85            android:theme="@android:style/Theme" />
85-->Android\gen\AndroidManifest.xml:2:2604-2640
86        <activity
86-->Android\gen\AndroidManifest.xml:2:2678-2944
87            android:name="VYV.leucinose.wdgen.GWDFFEN_CameraLectureCodeBarres$WDActiviteFenetre"
87-->Android\gen\AndroidManifest.xml:2:2688-2759
88            android:configChanges="keyboardHidden|orientation|screenSize|keyboard|smallestScreenSize|screenLayout|uiMode"
88-->Android\gen\AndroidManifest.xml:2:2760-2869
89            android:hardwareAccelerated="false"
89-->Android\gen\AndroidManifest.xml:2:2907-2942
90            android:theme="@android:style/Theme" />
90-->Android\gen\AndroidManifest.xml:2:2870-2906
91        <activity
91-->Android\gen\AndroidManifest.xml:2:2944-3195
92            android:name="VYV.leucinose.wdgen.GWDFFEN_echanges$WDActiviteFenetre"
92-->Android\gen\AndroidManifest.xml:2:2954-3010
93            android:configChanges="keyboardHidden|orientation|screenSize|keyboard|smallestScreenSize|screenLayout|uiMode"
93-->Android\gen\AndroidManifest.xml:2:3011-3120
94            android:hardwareAccelerated="false"
94-->Android\gen\AndroidManifest.xml:2:3158-3193
95            android:theme="@android:style/Theme" />
95-->Android\gen\AndroidManifest.xml:2:3121-3157
96        <activity
96-->Android\gen\AndroidManifest.xml:2:3195-3448
97            android:name="VYV.leucinose.wdgen.GWDFFEN_Parametres$WDActiviteFenetre"
97-->Android\gen\AndroidManifest.xml:2:3205-3263
98            android:configChanges="keyboardHidden|orientation|screenSize|keyboard|smallestScreenSize|screenLayout|uiMode"
98-->Android\gen\AndroidManifest.xml:2:3264-3373
99            android:hardwareAccelerated="false"
99-->Android\gen\AndroidManifest.xml:2:3411-3446
100            android:theme="@android:style/Theme" />
100-->Android\gen\AndroidManifest.xml:2:3374-3410
101        <activity
101-->Android\gen\AndroidManifest.xml:2:3448-3694
102            android:name="VYV.leucinose.wdgen.GWDFFEN_dup$WDActiviteFenetre"
102-->Android\gen\AndroidManifest.xml:2:3458-3509
103            android:configChanges="keyboardHidden|orientation|screenSize|keyboard|smallestScreenSize|screenLayout|uiMode"
103-->Android\gen\AndroidManifest.xml:2:3510-3619
104            android:hardwareAccelerated="false"
104-->Android\gen\AndroidManifest.xml:2:3657-3692
105            android:theme="@android:style/Theme" />
105-->Android\gen\AndroidManifest.xml:2:3620-3656
106        <activity
106-->Android\gen\AndroidManifest.xml:2:3694-3948
107            android:name="VYV.leucinose.wdgen.GWDFFEN_ajouteRepas$WDActiviteFenetre"
107-->Android\gen\AndroidManifest.xml:2:3704-3763
108            android:configChanges="keyboardHidden|orientation|screenSize|keyboard|smallestScreenSize|screenLayout|uiMode"
108-->Android\gen\AndroidManifest.xml:2:3764-3873
109            android:hardwareAccelerated="false"
109-->Android\gen\AndroidManifest.xml:2:3911-3946
110            android:theme="@android:style/Theme" />
110-->Android\gen\AndroidManifest.xml:2:3874-3910
111        <activity
111-->Android\gen\AndroidManifest.xml:2:3948-4197
112            android:name="VYV.leucinose.wdgen.GWDFFEN_params$WDActiviteFenetre"
112-->Android\gen\AndroidManifest.xml:2:3958-4012
113            android:configChanges="keyboardHidden|orientation|screenSize|keyboard|smallestScreenSize|screenLayout|uiMode"
113-->Android\gen\AndroidManifest.xml:2:4013-4122
114            android:hardwareAccelerated="false"
114-->Android\gen\AndroidManifest.xml:2:4160-4195
115            android:theme="@android:style/Theme" />
115-->Android\gen\AndroidManifest.xml:2:4123-4159
116
117        <uses-library
117-->Android\gen\AndroidManifest.xml:2:4197-4275
118            android:name="org.apache.http.legacy"
118-->Android\gen\AndroidManifest.xml:2:4211-4248
119            android:required="false" />
119-->Android\gen\AndroidManifest.xml:2:4249-4273
120
121        <activity
121-->Android\gen\AndroidManifest.xml:2:4275-4504
122            xmlns:android="http://schemas.android.com/apk/res/android"
122-->Android\gen\AndroidManifest.xml:2:4285-4343
123            android:name="fr.pcsoft.wdjava.ui.activite.WDActivite$BlankActivity"
123-->Android\gen\AndroidManifest.xml:2:4344-4412
124            android:theme="@style/Theme.AppCompat.Light.NoActionBar.Translucent" />
124-->Android\gen\AndroidManifest.xml:2:4413-4481
125        <activity
125-->Android\gen\AndroidManifest.xml:2:4504-4725
126            xmlns:android="http://schemas.android.com/apk/res/android"
126-->Android\gen\AndroidManifest.xml:2:4514-4572
127            android:name="fr.pcsoft.wdjava.core.erreur.report.WDErrorReportActivity"
127-->Android\gen\AndroidManifest.xml:2:4573-4645
128            android:theme="@android:style/Theme.DeviceDefault.Light" />
128-->Android\gen\AndroidManifest.xml:2:4646-4702
129
130        <provider
130-->Android\gen\AndroidManifest.xml:2:4725-5087
131            xmlns:android="http://schemas.android.com/apk/res/android"
131-->Android\gen\AndroidManifest.xml:2:4735-4793
132            android:name="androidx.core.content.FileProvider"
132-->Android\gen\AndroidManifest.xml:2:4794-4843
133            android:authorities="VYV.leucinose.fileprovider"
133-->Android\gen\AndroidManifest.xml:2:4844-4892
134            android:exported="false"
134-->Android\gen\AndroidManifest.xml:2:4893-4917
135            android:grantUriPermissions="true" >
135-->Android\gen\AndroidManifest.xml:2:4918-4952
136            <meta-data
136-->Android\gen\AndroidManifest.xml:2:4974-5076
137                android:name="android.support.FILE_PROVIDER_PATHS"
137-->Android\gen\AndroidManifest.xml:2:4985-5035
138                android:resource="@xml/provider_paths" />
138-->Android\gen\AndroidManifest.xml:2:5036-5074
139        </provider>
140
141        <receiver
141-->Android\gen\AndroidManifest.xml:2:5087-5285
142            xmlns:android="http://schemas.android.com/apk/res/android"
142-->Android\gen\AndroidManifest.xml:2:5097-5155
143            android:name="fr.pcsoft.wdjava.core.utils.WDAppUtils$APKInstallBroadcastReceiver"
143-->Android\gen\AndroidManifest.xml:2:5156-5237
144            android:exported="false" />
144-->Android\gen\AndroidManifest.xml:2:5238-5262
145
146        <activity
146-->Android\gen\AndroidManifest.xml:2:5285-5650
147            xmlns:android="http://schemas.android.com/apk/res/android"
147-->Android\gen\AndroidManifest.xml:2:5295-5353
148            android:name="fr.pcsoft.wdjava.ui.searchbar.WDSearchActivity"
148-->Android\gen\AndroidManifest.xml:2:5354-5415
149            android:label="@string/app_name" >
149-->Android\gen\AndroidManifest.xml:2:5416-5448
150            <intent-filter>
150-->Android\gen\AndroidManifest.xml:2:5470-5554
151                <action android:name="android.intent.action.SEARCH" />
151-->Android\gen\AndroidManifest.xml:2:5485-5538
151-->Android\gen\AndroidManifest.xml:2:5493-5536
152            </intent-filter>
153
154            <meta-data
154-->Android\gen\AndroidManifest.xml:2:5554-5639
155                android:name="android.app.searchable"
155-->Android\gen\AndroidManifest.xml:2:5565-5602
156                android:resource="@xml/searchable" />
156-->Android\gen\AndroidManifest.xml:2:5603-5637
157        </activity>
158
159        <provider
159-->Android\gen\AndroidManifest.xml:2:5650-5863
160            xmlns:android="http://schemas.android.com/apk/res/android"
160-->Android\gen\AndroidManifest.xml:2:5660-5718
161            android:name="fr.pcsoft.wdjava.ui.searchbar.WDSearchHistory"
161-->Android\gen\AndroidManifest.xml:2:5719-5779
162            android:authorities="VYV.leucinose"
162-->Android\gen\AndroidManifest.xml:2:5805-5840
163            android:exported="false" />
163-->Android\gen\AndroidManifest.xml:2:5780-5804
164
165        <activity
165-->Android\gen\AndroidManifest.xml:2:5863-6013
166            xmlns:android="http://schemas.android.com/apk/res/android"
166-->Android\gen\AndroidManifest.xml:2:5873-5931
167            android:name="fr.pcsoft.wdjava.print.WDCloudPrintActivity" />
167-->Android\gen\AndroidManifest.xml:2:5932-5990
168
169        <service android:name="fr.pcsoft.wdjava.core.service.WDServiceLocal" />
169-->Android\gen\AndroidManifest.xml:2:6013-6083
169-->Android\gen\AndroidManifest.xml:2:6022-6081
170
171        <meta-data
171-->Android\gen\AndroidManifest.xml:2:6083-6163
172            android:name="fr.pcsoft.first_window_name"
172-->Android\gen\AndroidManifest.xml:2:6094-6136
173            android:value="FEN_Menu" />
173-->Android\gen\AndroidManifest.xml:2:6137-6161
174        <meta-data
174-->Android\gen\AndroidManifest.xml:2:6163-6243
175            android:name="fr.pcsoft.splash_orientation_phone"
175-->Android\gen\AndroidManifest.xml:2:6174-6223
176            android:value="4" />
176-->Android\gen\AndroidManifest.xml:2:6224-6241
177        <meta-data
177-->Android\gen\AndroidManifest.xml:2:6243-6324
178            android:name="fr.pcsoft.splash_orientation_tablet"
178-->Android\gen\AndroidManifest.xml:2:6254-6304
179            android:value="4" />
179-->Android\gen\AndroidManifest.xml:2:6305-6322
180    </application>
181
182</manifest>